F000:FFF0 EA0000C0FF   jmpf    FFC0:0000
FFC0:0000 31C0         xor     ax, ax
FFC0:0002 8EC0         mov     es, ax
FFC0:0004 8ED0         mov     ss, ax
FFC0:0006 BC0010       mov     sp, 1000
FFC0:0009 8CC8         mov     ax, cs
FFC0:000B 8ED8         mov     ds, ax
FFC0:000D BE1E00       mov     si, 001e
FFC0:0010 BF00B8       mov     di, b800
FFC0:0013 B417         mov     ah, 17
FFC0:0015 AC           lodsb   
FFC0:0016 20C0         and     al, al
FFC0:0018 7403         jz      000FFC1D
FFC0:001A AB           stosw   
FFC0:001B EBF8         jmp     000FFC15
FFC0:0015 AC           lodsb   
FFC0:0016 20C0         and     al, al
FFC0:0018 7403         jz      000FFC1D
FFC0:001A AB           stosw   
FFC0:001B EBF8         jmp     000FFC15
FFC0:0015 AC           lodsb   
FFC0:0016 20C0         and     al, al
FFC0:0018 7403         jz      000FFC1D
FFC0:001A AB           stosw   
FFC0:001B EBF8         jmp     000FFC15
FFC0:0015 AC           lodsb   
FFC0:0016 20C0         and     al, al
FFC0:0018 7403         jz      000FFC1D
FFC0:001A AB           stosw   
FFC0:001B EBF8         jmp     000FFC15
FFC0:0015 AC           lodsb   
FFC0:0016 20C0         and     al, al
FFC0:0018 7403         jz      000FFC1D
FFC0:001A AB           stosw   
FFC0:001B EBF8         jmp     000FFC15
FFC0:0015 AC           lodsb   
FFC0:0016 20C0         and     al, al
FFC0:0018 7403         jz      000FFC1D
FFC0:001A AB           stosw   
FFC0:001B EBF8         jmp     000FFC15
FFC0:0015 AC           lodsb   
FFC0:0016 20C0         and     al, al
FFC0:0018 7403         jz      000FFC1D
FFC0:001A AB           stosw   
FFC0:001B EBF8         jmp     000FFC15
FFC0:0015 AC           lodsb   
FFC0:0016 20C0         and     al, al
FFC0:0018 7403         jz      000FFC1D
FFC0:001A AB           stosw   
FFC0:001B EBF8         jmp     000FFC15
FFC0:0015 AC           lodsb   
FFC0:0016 20C0         and     al, al
FFC0:0018 7403         jz      000FFC1D
FFC0:001A AB           stosw   
FFC0:001B EBF8         jmp     000FFC15
FFC0:0015 AC           lodsb   
FFC0:0016 20C0         and     al, al
FFC0:0018 7403         jz      000FFC1D
FFC0:001A AB           stosw   
FFC0:001B EBF8         jmp     000FFC15
FFC0:0015 AC           lodsb   
FFC0:0016 20C0         and     al, al
FFC0:0018 7403         jz      000FFC1D
FFC0:001A AB           stosw   
FFC0:001B EBF8         jmp     000FFC15
FFC0:0015 AC           lodsb   
FFC0:0016 20C0         and     al, al
FFC0:0018 7403         jz      000FFC1D
FFC0:001A AB           stosw   
FFC0:001B EBF8         jmp     000FFC15
FFC0:0015 AC           lodsb   
FFC0:0016 20C0         and     al, al
FFC0:0018 7403         jz      000FFC1D
FFC0:001D F4           hlt     
